<?xml version="1.0" encoding="UTF-8"?>
<testsuite xmlns:xsi="http://www.w3.org/2001/XMLSchema-instance" xsi:noNamespaceSchemaLocation="https://maven.apache.org/surefire/maven-surefire-plugin/xsd/surefire-test-report-3.0.xsd" version="3.0" name="com.examly.springapp.SpringappApplicationTests" time="6.979" tests="33" errors="0" skipped="0" failures="1">
  <properties>
[...]
</properties>
  <testcase name="Week3_Day5_SpringSecurity" classname="com.examly.springapp.SpringappApplicationTests" time="0.265">
    <system-out><![CDATA[11:12:15.241 [main] DEBUG org.springframework.test.context.BootstrapUtils - Instantiating CacheAwareContextLoaderDelegate from class [org.springframework.test.context.cache.DefaultCacheAwareContextLoaderDelegate]
11:12:15.250 [main] DEBUG org.springframework.test.context.BootstrapUtils - Instantiating BootstrapContext using constructor [public org.springframework.test.context.support.DefaultBootstrapContext(java.lang.Class,org.springframework.test.context.CacheAwareContextLoaderDelegate)]
11:12:15.287 [main] DEBUG org.springframework.test.context.BootstrapUtils - Instantiating TestContextBootstrapper for test class [com.examly.springapp.SpringappApplicationTests] from class [org.springframework.boot.test.context.SpringBootTestContextBootstrapper]
11:12:15.296 [main] INFO org.springframework.boot.test.context.SpringBootTestContextBootstrapper - Neither @ContextConfiguration nor @ContextHierarchy found for test class [com.examly.springapp.SpringappApplicationTests], using SpringBootContextLoader
11:12:15.300 [main] DEBUG org.springframework.test.context.support.AbstractContextLoader - Did not detect default resource location for test class [com.examly.springapp.SpringappApplicationTests]: class path resource [com/examly/springapp/SpringappApplicationTests-context.xml] does not exist
11:12:15.301 [main] DEBUG org.springframework.test.context.support.AbstractContextLoader - Did not detect default resource location for test class [com.examly.springapp.SpringappApplicationTests]: class path resource [com/examly/springapp/SpringappApplicationTestsContext.groovy] does not exist
11:12:15.301 [main] INFO org.springframework.test.context.support.AbstractContextLoader - Could not detect default resource locations for test class [com.examly.springapp.SpringappApplicationTests]: no resource found for suffixes {-context.xml, Context.groovy}.
11:12:15.302 [main] INFO org.springframework.test.context.support.AnnotationConfigContextLoaderUtils - Could not detect default configuration classes for test class [com.examly.springapp.SpringappApplicationTests]: SpringappApplicationTests does not declare any static, non-private, non-final, nested classes annotated with @Configuration.
11:12:15.371 [main] DEBUG org.springframework.test.context.support.ActiveProfilesUtils - Could not find an 'annotation declaring class' for annotation type [org.springframework.test.context.ActiveProfiles] and class [com.examly.springapp.SpringappApplicationTests]
11:12:15.442 [main] DEBUG org.springframework.context.annotation.ClassPathScanningCandidateComponentProvider - Identified candidate component class: file [/home/coder/project/workspace/springapp/target/classes/com/examly/springapp/SpringappApplication.class]
11:12:15.443 [main] INFO org.springframework.boot.test.context.SpringBootTestContextBootstrapper - Found @SpringBootConfiguration com.examly.springapp.SpringappApplication for test class com.examly.springapp.SpringappApplicationTests
11:12:15.556 [main] DEBUG org.springframework.boot.test.context.SpringBootTestContextBootstrapper - @TestExecutionListeners is not present for class [com.examly.springapp.SpringappApplicationTests]: using defaults.
11:12:15.557 [main] INFO org.springframework.boot.test.context.SpringBootTestContextBootstrapper - Loaded default TestExecutionListener class names from location [META-INF/spring.factories]: [org.springframework.boot.test.mock.mockito.MockitoTestExecutionListener, org.springframework.boot.test.mock.mockito.ResetMocksTestExecutionListener, org.springframework.boot.test.autoconfigure.restdocs.RestDocsTestExecutionListener, org.springframework.boot.test.autoconfigure.web.client.MockRestServiceServerResetTestExecutionListener, org.springframework.boot.test.autoconfigure.web.servlet.MockMvcPrintOnlyOnFailureTestExecutionListener, org.springframework.boot.test.autoconfigure.web.servlet.WebDriverTestExecutionListener, org.springframework.boot.test.autoconfigure.webservices.client.MockWebServiceServerTestExecutionListener, org.springframework.test.context.web.ServletTestExecutionListener, org.springframework.test.context.support.DirtiesContextBeforeModesTestExecutionListener, org.springframework.test.context.event.ApplicationEventsTestExecutionListener, org.springframework.test.context.support.DependencyInjectionTestExecutionListener, org.springframework.test.context.support.DirtiesContextTestExecutionListener, org.springframework.test.context.transaction.TransactionalTestExecutionListener, org.springframework.test.context.jdbc.SqlScriptsTestExecutionListener, org.springframework.test.context.event.EventPublishingTestExecutionListener]
11:12:15.573 [main] INFO org.springframework.boot.test.context.SpringBootTestContextBootstrapper - Using TestExecutionListeners: [org.springframework.test.context.web.ServletTestExecutionListener@2ea6e30c, org.springframework.test.context.support.DirtiesContextBeforeModesTestExecutionListener@6138e79a, org.springframework.test.context.event.ApplicationEventsTestExecutionListener@2dcd168a, org.springframework.boot.test.mock.mockito.MockitoTestExecutionListener@388526fb, org.springframework.boot.test.autoconfigure.SpringBootDependencyInjectionTestExecutionListener@21a21c64, org.springframework.test.context.support.DirtiesContextTestExecutionListener@7803bfd, org.springframework.test.context.transaction.TransactionalTestExecutionListener@42bc14c1, org.springframework.test.context.jdbc.SqlScriptsTestExecutionListener@531f4093, org.springframework.test.context.event.EventPublishingTestExecutionListener@62ef27a8, org.springframework.boot.test.mock.mockito.ResetMocksTestExecutionListener@6436a7db, org.springframework.boot.test.autoconfigure.restdocs.RestDocsTestExecutionListener@460ebd80, org.springframework.boot.test.autoconfigure.web.client.MockRestServiceServerResetTestExecutionListener@6f3c660a, org.springframework.boot.test.autoconfigure.web.servlet.MockMvcPrintOnlyOnFailureTestExecutionListener@74f5ce22, org.springframework.boot.test.autoconfigure.web.servlet.WebDriverTestExecutionListener@25aca718, org.springframework.boot.test.autoconfigure.webservices.client.MockWebServiceServerTestExecutionListener@16fdec90]
11:12:15.576 [main] DEBUG org.springframework.test.context.support.AbstractDirtiesContextTestExecutionListener - Before test class: context [DefaultTestContext@294a6b8e testClass = SpringappApplicationTests, testInstance = [null], testMethod = [null], testException = [null], mergedContextConfiguration = [WebMergedContextConfiguration@4b1d6571 testClass = SpringappApplicationTests, locations = '{}', classes = '{class com.examly.springapp.SpringappApplication}', contextInitializerClasses = '[]', activeProfiles = '{}', propertySourceLocations = '{}', propertySourceProperties = '{org.springframework.boot.test.context.SpringBootTestContextBootstrapper=true}', contextCustomizers = set[[ImportsContextCustomizer@1b835480 key = [org.springframework.boot.test.autoconfigure.web.servlet.MockMvcAutoConfiguration, org.springframework.boot.test.autoconfigure.web.servlet.MockMvcWebClientAutoConfiguration, org.springframework.boot.test.autoconfigure.web.servlet.MockMvcWebDriverAutoConfiguration, org.springframework.boot.autoconfigure.security.oauth2.client.servlet.OAuth2ClientAutoConfiguration, org.springframework.boot.autoconfigure.security.oauth2.resource.servlet.OAuth2ResourceServerAutoConfiguration, org.springframework.boot.autoconfigure.security.servlet.SecurityAutoConfiguration, org.springframework.boot.autoconfigure.security.servlet.SecurityFilterAutoConfiguration, org.springframework.boot.autoconfigure.security.servlet.UserDetailsServiceAutoConfiguration, org.springframework.boot.test.autoconfigure.web.servlet.MockMvcSecurityConfiguration, org.springframework.boot.test.autoconfigure.web.reactive.WebTestClientAutoConfiguration]], org.springframework.boot.test.context.filter.ExcludeFilterContextCustomizer@2cb4893b, org.springframework.boot.test.json.DuplicateJsonObjectContextCustomizerFactory$DuplicateJsonObjectContextCustomizer@413d1baf, org.springframework.boot.test.mock.mockito.MockitoContextCustomizer@0, org.springframework.boot.test.web.client.TestRestTemplateContextCustomizer@31ea9581, org.springframework.boot.test.autoconfigure.actuate.metrics.MetricsExportContextCustomizerFactory$DisableMetricExportContextCustomizer@24569dba, org.springframework.boot.test.autoconfigure.properties.PropertyMappingContextCustomizer@4b3fa0b3, org.springframework.boot.test.autoconfigure.web.servlet.WebDriverContextCustomizerFactory$Customizer@35841320, org.springframework.boot.test.context.SpringBootTestArgs@1, org.springframework.boot.test.context.SpringBootTestWebEnvironment@10a035a0], resourceBasePath = 'src/main/webapp', contextLoader = 'org.springframework.boot.test.context.SpringBootContextLoader', parent = [null]], attributes = map['org.springframework.test.context.web.ServletTestExecutionListener.activateListener' -> true]], class annotated with @DirtiesContext [false] with mode [null].

  .   ____          _            __ _ _
 /\\ / ___'_ __ _ _(_)_ __  __ _ \ \ \ \
( ( )\___ | '_ | '_| | '_ \/ _` | \ \ \ \
 \\/  ___)| |_)| | | | | || (_| |  ) ) ) )
  '  |____| .__|_| |_|_| |_\__, | / / / /
 =========|_|==============|___/=/_/_/_/
 :: Spring Boot ::               (v2.7.14)

2023-12-04 11:12:15.980  INFO 51592 --- [           main] c.e.springapp.SpringappApplicationTests  : Starting SpringappApplicationTests using Java 11.0.18 on cccbbaeafbcdbfbdabcdddcafcdbffbbfbf-0 with PID 51592 (started by coder in /home/coder/project/workspace/springapp)
2023-12-04 11:12:15.981  INFO 51592 --- [           main] c.e.springapp.SpringappApplicationTests  : No active profile set, falling back to 1 default profile: "default"
2023-12-04 11:12:16.987  INFO 51592 --- [           main] .s.d.r.c.RepositoryConfigurationDelegate : Bootstrapping Spring Data JPA repositories in DEFAULT mode.
2023-12-04 11:12:17.082  INFO 51592 --- [           main] .s.d.r.c.RepositoryConfigurationDelegate : Finished Spring Data repository scanning in 88 ms. Found 3 JPA repository interfaces.
2023-12-04 11:12:17.853  INFO 51592 --- [           main] o.hibernate.jpa.internal.util.LogHelper  : HHH000204: Processing PersistenceUnitInfo [name: default]
2023-12-04 11:12:17.894  INFO 51592 --- [           main] org.hibernate.Version                    : HHH000412: Hibernate ORM core version 5.6.15.Final
2023-12-04 11:12:18.062  INFO 51592 --- [           main] o.hibernate.annotations.common.Version   : HCANN000001: Hibernate Commons Annotations {5.1.2.Final}
2023-12-04 11:12:18.178  INFO 51592 --- [           main] com.zaxxer.hikari.HikariDataSource       : HikariPool-1 - Starting...
2023-12-04 11:12:18.381  INFO 51592 --- [           main] com.zaxxer.hikari.HikariDataSource       : HikariPool-1 - Start completed.
2023-12-04 11:12:18.394  INFO 51592 --- [           main] org.hibernate.dialect.Dialect            : HHH000400: Using dialect: org.hibernate.dialect.MySQL8Dialect
2023-12-04 11:12:19.022  INFO 51592 --- [           main] o.h.e.t.j.p.i.JtaPlatformInitiator       : HHH000490: Using JtaPlatform implementation: [org.hibernate.engine.transaction.jta.platform.internal.NoJtaPlatform]
2023-12-04 11:12:19.036  INFO 51592 --- [           main] j.LocalContainerEntityManagerFactoryBean : Initialized JPA EntityManagerFactory for persistence unit 'default'
2023-12-04 11:12:19.803  INFO 51592 --- [           main] o.s.s.web.DefaultSecurityFilterChain     : Will secure any request with [org.springframework.security.web.session.DisableEncodeUrlFilter@42e4431, org.springframework.security.web.context.request.async.WebAsyncManagerIntegrationFilter@5e198c40, org.springframework.security.web.context.SecurityContextPersistenceFilter@6c8672b9, org.springframework.security.web.header.HeaderWriterFilter@21022cbb, org.springframework.web.filter.CorsFilter@dcdb883, org.springframework.security.web.authentication.logout.LogoutFilter@21f479cd, org.springframework.security.web.authentication.UsernamePasswordAuthenticationFilter@ce0bbd5, org.springframework.security.web.authentication.ui.DefaultLoginPageGeneratingFilter@5870fc05, org.springframework.security.web.authentication.ui.DefaultLogoutPageGeneratingFilter@39420d59, org.springframework.security.web.authentication.www.BasicAuthenticationFilter@44c2e8a8, org.springframework.security.web.savedrequest.RequestCacheAwareFilter@331ad6eb, org.springframework.security.web.servletapi.SecurityContextHolderAwareRequestFilter@2114eb1a, org.springframework.security.web.authentication.AnonymousAuthenticationFilter@4fbbd98c, org.springframework.security.web.session.SessionManagementFilter@5cc669d, org.springframework.security.web.access.ExceptionTranslationFilter@299ea986, org.springframework.security.web.access.intercept.AuthorizationFilter@7c8f803d]
2023-12-04 11:12:19.847  WARN 51592 --- [           main] JpaBaseConfiguration$JpaWebConfiguration : spring.jpa.open-in-view is enabled by default. Therefore, database queries may be performed during view rendering. Explicitly configure spring.jpa.open-in-view to disable this warning
2023-12-04 11:12:20.555  INFO 51592 --- [           main] o.s.b.t.m.w.SpringBootMockServletContext : Initializing Spring TestDispatcherServlet ''
2023-12-04 11:12:20.555  INFO 51592 --- [           main] o.s.t.web.servlet.TestDispatcherServlet  : Initializing Servlet ''
2023-12-04 11:12:20.556  INFO 51592 --- [           main] o.s.t.web.servlet.TestDispatcherServlet  : Completed initialization in 1 ms
2023-12-04 11:12:20.573  INFO 51592 --- [           main] c.e.springapp.SpringappApplicationTests  : Started SpringappApplicationTests in 4.965 seconds (JVM running for 6.299)
]]></system-out>
  </testcase>
  <testcase name="Week1_Day5_JDBCUtils" classname="com.examly.springapp.SpringappApplicationTests" time="0.005"/>
  <testcase name="Week2_Day3_controllersfolder" classname="com.examly.springapp.SpringappApplicationTests" time="0.007"/>
  <testcase name="Week3_Day2_playeradd" classname="com.examly.springapp.SpringappApplicationTests" time="0.355">
    <system-out><![CDATA[Hibernate: select player0_.id as id1_0_0_, player0_.age as age2_0_0_, player0_.bidding_price as bidding_3_0_0_, player0_.category as category4_0_0_, player0_.email as email5_0_0_, player0_.name as name6_0_0_, player0_.sold as sold7_0_0_, player0_.team_id as team_id8_0_0_ from player player0_ where player0_.id=?
Hibernate: insert into player (age, bidding_price, category, email, name, sold, team_id) values (?, ?, ?, ?, ?, ?, ?)
]]></system-out>
  </testcase>
  <testcase name="Week2_Day2_testWelcome" classname="com.examly.springapp.SpringappApplicationTests" time="0.011">
    <failure type="java.lang.AssertionError"><![CDATA[java.lang.AssertionError: Status expected:<200> but was:<401>
	at com.examly.springapp.SpringappApplicationTests.Week2_Day2_testWelcome(SpringappApplicationTests.java:403)
]]></failure>
    <system-out><![CDATA[
MockHttpServletRequest:
      HTTP Method = GET
      Request URI = /welcome
       Parameters = {}
          Headers = []
             Body = null
    Session Attrs = {SPRING_SECURITY_SAVED_REQUEST=DefaultSavedRequest [http://localhost/welcome]}

Handler:
             Type = null

Async:
    Async started = false
     Async result = null

Resolved Exception:
             Type = null

ModelAndView:
        View name = null
             View = null
            Model = null

FlashMap:
       Attributes = null

MockHttpServletResponse:
           Status = 401
    Error message = Unauthorized
          Headers = [Vary:"Origin", "Access-Control-Request-Method", "Access-Control-Request-Headers", WWW-Authenticate:"Basic realm="Realm"", X-Content-Type-Options:"nosniff", X-XSS-Protection:"1; mode=block", Cache-Control:"no-cache, no-store, max-age=0, must-revalidate", Pragma:"no-cache", Expires:"0", X-Frame-Options:"DENY"]
     Content type = null
             Body = 
    Forwarded URL = null
   Redirected URL = null
          Cookies = []
]]></system-out>
  </testcase>
  <testcase name="Week3_Day3_getallPlayerList" classname="com.examly.springapp.SpringappApplicationTests" time="0.19">
    <system-out><![CDATA[Hibernate: select player0_.id as id1_0_, player0_.age as age2_0_, player0_.bidding_price as bidding_3_0_, player0_.category as category4_0_, player0_.email as email5_0_, player0_.name as name6_0_, player0_.sold as sold7_0_, player0_.team_id as team_id8_0_ from player player0_ left outer join team team1_ on player0_.team_id=team1_.id where team1_.id=?

MockHttpServletRequest:
      HTTP Method = GET
      Request URI = /api/organizer/player-list
       Parameters = {teamId=[1000]}
          Headers = [Accept:"application/json"]
             Body = null
    Session Attrs = {}

Handler:
             Type = com.examly.springapp.controllers.OrganizerController
           Method = com.examly.springapp.controllers.OrganizerController#getPlayerList(Long)

Async:
    Async started = false
     Async result = null

Resolved Exception:
             Type = null

ModelAndView:
        View name = null
             View = null
            Model = null

FlashMap:
       Attributes = null

MockHttpServletResponse:
           Status = 200
    Error message = null
          Headers = [Vary:"Origin", "Access-Control-Request-Method", "Access-Control-Request-Headers", Content-Type:"application/json", X-Content-Type-Options:"nosniff", X-XSS-Protection:"1; mode=block", Cache-Control:"no-cache, no-store, max-age=0, must-revalidate", Pragma:"no-cache", Expires:"0", X-Frame-Options:"DENY"]
     Content type = application/json
             Body = []
    Forwarded URL = null
   Redirected URL = null
          Cookies = []
]]></system-out>
  </testcase>
  <testcase name="Week1_Day1_testCricketerName" classname="com.examly.springapp.SpringappApplicationTests" time="0.005"/>
  <testcase name="Week3_Day2_getallPlayerWithTeam" classname="com.examly.springapp.SpringappApplicationTests" time="0.087">
    <system-out><![CDATA[Hibernate: select player0_.id as id1_0_, player0_.age as age2_0_, player0_.bidding_price as bidding_3_0_, player0_.category as category4_0_, player0_.email as email5_0_, player0_.name as name6_0_, player0_.sold as sold7_0_, player0_.team_id as team_id8_0_ from player player0_

MockHttpServletRequest:
      HTTP Method = GET
      Request URI = /api/admin/players
       Parameters = {}
          Headers = [Accept:"application/json"]
             Body = null
    Session Attrs = {}

Handler:
             Type = com.examly.springapp.controllers.AdminController
           Method = com.examly.springapp.controllers.AdminController#getAllPlayers()

Async:
    Async started = false
     Async result = null

Resolved Exception:
             Type = null

ModelAndView:
        View name = null
             View = null
            Model = null

FlashMap:
       Attributes = null

MockHttpServletResponse:
           Status = 200
    Error message = null
          Headers = [Vary:"Origin", "Access-Control-Request-Method", "Access-Control-Request-Headers", Content-Type:"application/json", X-Content-Type-Options:"nosniff", X-XSS-Protection:"1; mode=block", Cache-Control:"no-cache, no-store, max-age=0, must-revalidate", Pragma:"no-cache", Expires:"0", X-Frame-Options:"DENY"]
     Content type = application/json
             Body = [{"id":1,"name":"Demo","age":24,"category":"Seniorteam","biddingPrice":15000.0,"sold":false,"email":"Viratdemo@gmail.com","team":null},{"id":2,"name":"Demo","age":24,"category":"Seniorteam","biddingPrice":15000.0,"sold":false,"email":"Viratdemo@gmail.com","team":null},{"id":3,"name":"Demo","age":24,"category":"Seniorteam","biddingPrice":15000.0,"sold":false,"email":"Viratdemo@gmail.com","team":null},{"id":4,"name":"Demo","age":24,"category":"Seniorteam","biddingPrice":15000.0,"sold":false,"email":"Viratdemo@gmail.com","team":null},{"id":5,"name":"Demo","age":24,"category":"Seniorteam","biddingPrice":15000.0,"sold":false,"email":"Viratdemo@gmail.com","team":null},{"id":6,"name":"Demo","age":24,"category":"Seniorteam","biddingPrice":15000.0,"sold":false,"email":"Viratdemo@gmail.com","team":null},{"id":7,"name":"Demo","age":24,"category":"Seniorteam","biddingPrice":15000.0,"sold":false,"email":"Viratdemo@gmail.com","team":null},{"id":8,"name":"Demo","age":24,"category":"Seniorteam","biddingPrice":15000.0,"sold":false,"email":"Viratdemo@gmail.com","team":null},{"id":9,"name":"Demo","age":24,"category":"Seniorteam","biddingPrice":15000.0,"sold":false,"email":"Viratdemo@gmail.com","team":null},{"id":10,"name":"Demo","age":24,"category":"Seniorteam","biddingPrice":15000.0,"sold":false,"email":"Viratdemo@gmail.com","team":null},{"id":11,"name":"Demo","age":24,"category":"Seniorteam","biddingPrice":15000.0,"sold":false,"email":"Viratdemo@gmail.com","team":null},{"id":12,"name":"Demo","age":24,"category":"Seniorteam","biddingPrice":15000.0,"sold":false,"email":"Viratdemo@gmail.com","team":null},{"id":13,"name":"Demo","age":24,"category":"Seniorteam","biddingPrice":15000.0,"sold":false,"email":"Viratdemo@gmail.com","team":null},{"id":14,"name":"Demo","age":24,"category":"Seniorteam","biddingPrice":15000.0,"sold":false,"email":"Viratdemo@gmail.com","team":null},{"id":15,"name":"Demo","age":24,"category":"Seniorteam","biddingPrice":15000.0,"sold":false,"email":"Viratdemo@gmail.com","team":null},{"id":16,"name":"Demo","age":24,"category":"Seniorteam","biddingPrice":15000.0,"sold":false,"email":"Viratdemo@gmail.com","team":null},{"id":17,"name":"Demo","age":24,"category":"Seniorteam","biddingPrice":15000.0,"sold":false,"email":"Viratdemo@gmail.com","team":null},{"id":18,"name":"Demo","age":24,"category":"Seniorteam","biddingPrice":15000.0,"sold":false,"email":"Viratdemo@gmail.com","team":null},{"id":19,"name":"Demo","age":24,"category":"Seniorteam","biddingPrice":15000.0,"sold":false,"email":"Viratdemo@gmail.com","team":null},{"id":20,"name":"Demo","age":24,"category":"Seniorteam","biddingPrice":15000.0,"sold":false,"email":"Viratdemo@gmail.com","team":null},{"id":21,"name":"Demo","age":24,"category":"Seniorteam","biddingPrice":15000.0,"sold":false,"email":"Viratdemo@gmail.com","team":null},{"id":22,"name":"Demo","age":24,"category":"Seniorteam","biddingPrice":15000.0,"sold":false,"email":"Viratdemo@gmail.com","team":null},{"id":23,"name":"Demo","age":24,"category":"Seniorteam","biddingPrice":15000.0,"sold":false,"email":"Viratdemo@gmail.com","team":null},{"id":24,"name":"Demo","age":24,"category":"Seniorteam","biddingPrice":15000.0,"sold":false,"email":"Viratdemo@gmail.com","team":null},{"id":25,"name":"Demo","age":24,"category":"Seniorteam","biddingPrice":15000.0,"sold":false,"email":"Viratdemo@gmail.com","team":null},{"id":26,"name":"Demo","age":24,"category":"Seniorteam","biddingPrice":15000.0,"sold":false,"email":"Viratdemo@gmail.com","team":null},{"id":27,"name":"Demo","age":24,"category":"Seniorteam","biddingPrice":15000.0,"sold":false,"email":"Viratdemo@gmail.com","team":null},{"id":28,"name":"Demo","age":24,"category":"Seniorteam","biddingPrice":15000.0,"sold":false,"email":"Viratdemo@gmail.com","team":null},{"id":29,"name":"Demo","age":24,"category":"Seniorteam","biddingPrice":15000.0,"sold":false,"email":"Viratdemo@gmail.com","team":null},{"id":30,"name":"Demo","age":24,"category":"Seniorteam","biddingPrice":15000.0,"sold":false,"email":"Viratdemo@gmail.com","team":null},{"id":31,"name":"Demo","age":24,"category":"Seniorteam","biddingPrice":15000.0,"sold":false,"email":"Viratdemo@gmail.com","team":null},{"id":32,"name":"Demo","age":24,"category":"Seniorteam","biddingPrice":15000.0,"sold":false,"email":"Viratdemo@gmail.com","team":null},{"id":33,"name":"Demo","age":24,"category":"Seniorteam","biddingPrice":15000.0,"sold":false,"email":"Viratdemo@gmail.com","team":null},{"id":34,"name":"Demo","age":24,"category":"Seniorteam","biddingPrice":15000.0,"sold":false,"email":"Viratdemo@gmail.com","team":null},{"id":35,"name":"Demo","age":24,"category":"Seniorteam","biddingPrice":15000.0,"sold":false,"email":"Viratdemo@gmail.com","team":null},{"id":36,"name":"Demo","age":24,"category":"Seniorteam","biddingPrice":15000.0,"sold":false,"email":"Viratdemo@gmail.com","team":null},{"id":37,"name":"Demo","age":24,"category":"Seniorteam","biddingPrice":15000.0,"sold":false,"email":"Viratdemo@gmail.com","team":null},{"id":38,"name":"Demo","age":24,"category":"Seniorteam","biddingPrice":15000.0,"sold":false,"email":"Viratdemo@gmail.com","team":null},{"id":39,"name":"Demo","age":24,"category":"Seniorteam","biddingPrice":15000.0,"sold":false,"email":"Viratdemo@gmail.com","team":null},{"id":40,"name":"Demo","age":24,"category":"Seniorteam","biddingPrice":15000.0,"sold":false,"email":"Viratdemo@gmail.com","team":null},{"id":41,"name":"Demo","age":24,"category":"Seniorteam","biddingPrice":15000.0,"sold":false,"email":"Viratdemo@gmail.com","team":null},{"id":42,"name":"Demo","age":24,"category":"Seniorteam","biddingPrice":15000.0,"sold":false,"email":"Viratdemo@gmail.com","team":null},{"id":43,"name":"Demo","age":24,"category":"Seniorteam","biddingPrice":15000.0,"sold":false,"email":"Viratdemo@gmail.com","team":null},{"id":44,"name":"Demo","age":24,"category":"Seniorteam","biddingPrice":15000.0,"sold":false,"email":"Viratdemo@gmail.com","team":null},{"id":45,"name":"Demo","age":24,"category":"Seniorteam","biddingPrice":15000.0,"sold":false,"email":"Viratdemo@gmail.com","team":null},{"id":46,"name":"Demo","age":24,"category":"Seniorteam","biddingPrice":15000.0,"sold":false,"email":"Viratdemo@gmail.com","team":null},{"id":47,"name":"Demo","age":24,"category":"Seniorteam","biddingPrice":15000.0,"sold":false,"email":"Viratdemo@gmail.com","team":null},{"id":48,"name":"Demo","age":24,"category":"Seniorteam","biddingPrice":15000.0,"sold":false,"email":"Viratdemo@gmail.com","team":null},{"id":49,"name":"Demo","age":24,"category":"Seniorteam","biddingPrice":15000.0,"sold":false,"email":"Viratdemo@gmail.com","team":null}]
    Forwarded URL = null
   Redirected URL = null
          Cookies = []
]]></system-out>
  </testcase>
  <testcase name="Week3_Day5_configfolder" classname="com.examly.springapp.SpringappApplicationTests" time="0.005"/>
  <testcase name="Week1_Day1_testCricketerAge" classname="com.examly.springapp.SpringappApplicationTests" time="0.004"/>
  <testcase name="Week1_Day6_CricketerDAO" classname="com.examly.springapp.SpringappApplicationTests" time="0.003"/>
  <testcase name="Week2_Day4_TeamClass" classname="com.examly.springapp.SpringappApplicationTests" time="0.003"/>
  <testcase name="Week2_Day3_entitiesfolder" classname="com.examly.springapp.SpringappApplicationTests" time="0.003"/>
  <testcase name="Week2_Day4_ClassRepo" classname="com.examly.springapp.SpringappApplicationTests" time="0.003"/>
  <testcase name="Week2_Day3_getAllTeamsList" classname="com.examly.springapp.SpringappApplicationTests" time="0.01">
    <system-out><![CDATA[
MockHttpServletRequest:
      HTTP Method = GET
      Request URI = /team/getAllList
       Parameters = {}
          Headers = [Accept:"application/json"]
             Body = null
    Session Attrs = {}

Handler:
             Type = com.examly.springapp.controllers.TeamController
           Method = com.examly.springapp.controllers.TeamController#getallTeam()

Async:
    Async started = false
     Async result = null

Resolved Exception:
             Type = null

ModelAndView:
        View name = null
             View = null
            Model = null

FlashMap:
       Attributes = null

MockHttpServletResponse:
           Status = 200
    Error message = null
          Headers = [Vary:"Origin", "Access-Control-Request-Method", "Access-Control-Request-Headers", Content-Type:"application/json", X-Content-Type-Options:"nosniff", X-XSS-Protection:"1; mode=block", Cache-Control:"no-cache, no-store, max-age=0, must-revalidate", Pragma:"no-cache", Expires:"0", X-Frame-Options:"DENY"]
     Content type = application/json
             Body = [{"name":"Team A","country":"India"},{"name":"Team B","country":"India"},{"name":"Team C","country":"India"}]
    Forwarded URL = null
   Redirected URL = null
          Cookies = []
]]></system-out>
  </testcase>
  <testcase name="Week1_Day5_displayCricketersFromDB" classname="com.examly.springapp.SpringappApplicationTests" time="0.002"/>
  <testcase name="Week1_Day2_Clientinterface" classname="com.examly.springapp.SpringappApplicationTests" time="0.002"/>
  <testcase name="Week1_Day1_testCricketerCountry" classname="com.examly.springapp.SpringappApplicationTests" time="0.053"/>
  <testcase name="Week3_Day4_getallUnsoldPlayer" classname="com.examly.springapp.SpringappApplicationTests" time="0.03">
    <system-out><![CDATA[Hibernate: select player0_.id as id1_0_, player0_.age as age2_0_, player0_.bidding_price as bidding_3_0_, player0_.category as category4_0_, player0_.email as email5_0_, player0_.name as name6_0_, player0_.sold as sold7_0_, player0_.team_id as team_id8_0_ from player player0_ where player0_.sold=0

MockHttpServletRequest:
      HTTP Method = GET
      Request URI = /api/organizer/unsold-players
       Parameters = {}
          Headers = [Accept:"application/json"]
             Body = null
    Session Attrs = {}

Handler:
             Type = com.examly.springapp.controllers.OrganizerController
           Method = com.examly.springapp.controllers.OrganizerController#getUnsoldPlayersByCategory()

Async:
    Async started = false
     Async result = null

Resolved Exception:
             Type = null

ModelAndView:
        View name = null
             View = null
            Model = null

FlashMap:
       Attributes = null

MockHttpServletResponse:
           Status = 200
    Error message = null
          Headers = [Vary:"Origin", "Access-Control-Request-Method", "Access-Control-Request-Headers", Content-Type:"application/json", X-Content-Type-Options:"nosniff", X-XSS-Protection:"1; mode=block", Cache-Control:"no-cache, no-store, max-age=0, must-revalidate", Pragma:"no-cache", Expires:"0", X-Frame-Options:"DENY"]
     Content type = application/json
             Body = [{"id":1,"name":"Demo","age":24,"category":"Seniorteam","biddingPrice":15000.0,"sold":false,"email":"Viratdemo@gmail.com","team":null},{"id":2,"name":"Demo","age":24,"category":"Seniorteam","biddingPrice":15000.0,"sold":false,"email":"Viratdemo@gmail.com","team":null},{"id":3,"name":"Demo","age":24,"category":"Seniorteam","biddingPrice":15000.0,"sold":false,"email":"Viratdemo@gmail.com","team":null},{"id":4,"name":"Demo","age":24,"category":"Seniorteam","biddingPrice":15000.0,"sold":false,"email":"Viratdemo@gmail.com","team":null},{"id":5,"name":"Demo","age":24,"category":"Seniorteam","biddingPrice":15000.0,"sold":false,"email":"Viratdemo@gmail.com","team":null},{"id":6,"name":"Demo","age":24,"category":"Seniorteam","biddingPrice":15000.0,"sold":false,"email":"Viratdemo@gmail.com","team":null},{"id":7,"name":"Demo","age":24,"category":"Seniorteam","biddingPrice":15000.0,"sold":false,"email":"Viratdemo@gmail.com","team":null},{"id":8,"name":"Demo","age":24,"category":"Seniorteam","biddingPrice":15000.0,"sold":false,"email":"Viratdemo@gmail.com","team":null},{"id":9,"name":"Demo","age":24,"category":"Seniorteam","biddingPrice":15000.0,"sold":false,"email":"Viratdemo@gmail.com","team":null},{"id":10,"name":"Demo","age":24,"category":"Seniorteam","biddingPrice":15000.0,"sold":false,"email":"Viratdemo@gmail.com","team":null},{"id":11,"name":"Demo","age":24,"category":"Seniorteam","biddingPrice":15000.0,"sold":false,"email":"Viratdemo@gmail.com","team":null},{"id":12,"name":"Demo","age":24,"category":"Seniorteam","biddingPrice":15000.0,"sold":false,"email":"Viratdemo@gmail.com","team":null},{"id":13,"name":"Demo","age":24,"category":"Seniorteam","biddingPrice":15000.0,"sold":false,"email":"Viratdemo@gmail.com","team":null},{"id":14,"name":"Demo","age":24,"category":"Seniorteam","biddingPrice":15000.0,"sold":false,"email":"Viratdemo@gmail.com","team":null},{"id":15,"name":"Demo","age":24,"category":"Seniorteam","biddingPrice":15000.0,"sold":false,"email":"Viratdemo@gmail.com","team":null},{"id":16,"name":"Demo","age":24,"category":"Seniorteam","biddingPrice":15000.0,"sold":false,"email":"Viratdemo@gmail.com","team":null},{"id":17,"name":"Demo","age":24,"category":"Seniorteam","biddingPrice":15000.0,"sold":false,"email":"Viratdemo@gmail.com","team":null},{"id":18,"name":"Demo","age":24,"category":"Seniorteam","biddingPrice":15000.0,"sold":false,"email":"Viratdemo@gmail.com","team":null},{"id":19,"name":"Demo","age":24,"category":"Seniorteam","biddingPrice":15000.0,"sold":false,"email":"Viratdemo@gmail.com","team":null},{"id":20,"name":"Demo","age":24,"category":"Seniorteam","biddingPrice":15000.0,"sold":false,"email":"Viratdemo@gmail.com","team":null},{"id":21,"name":"Demo","age":24,"category":"Seniorteam","biddingPrice":15000.0,"sold":false,"email":"Viratdemo@gmail.com","team":null},{"id":22,"name":"Demo","age":24,"category":"Seniorteam","biddingPrice":15000.0,"sold":false,"email":"Viratdemo@gmail.com","team":null},{"id":23,"name":"Demo","age":24,"category":"Seniorteam","biddingPrice":15000.0,"sold":false,"email":"Viratdemo@gmail.com","team":null},{"id":24,"name":"Demo","age":24,"category":"Seniorteam","biddingPrice":15000.0,"sold":false,"email":"Viratdemo@gmail.com","team":null},{"id":25,"name":"Demo","age":24,"category":"Seniorteam","biddingPrice":15000.0,"sold":false,"email":"Viratdemo@gmail.com","team":null},{"id":26,"name":"Demo","age":24,"category":"Seniorteam","biddingPrice":15000.0,"sold":false,"email":"Viratdemo@gmail.com","team":null},{"id":27,"name":"Demo","age":24,"category":"Seniorteam","biddingPrice":15000.0,"sold":false,"email":"Viratdemo@gmail.com","team":null},{"id":28,"name":"Demo","age":24,"category":"Seniorteam","biddingPrice":15000.0,"sold":false,"email":"Viratdemo@gmail.com","team":null},{"id":29,"name":"Demo","age":24,"category":"Seniorteam","biddingPrice":15000.0,"sold":false,"email":"Viratdemo@gmail.com","team":null},{"id":30,"name":"Demo","age":24,"category":"Seniorteam","biddingPrice":15000.0,"sold":false,"email":"Viratdemo@gmail.com","team":null},{"id":31,"name":"Demo","age":24,"category":"Seniorteam","biddingPrice":15000.0,"sold":false,"email":"Viratdemo@gmail.com","team":null},{"id":32,"name":"Demo","age":24,"category":"Seniorteam","biddingPrice":15000.0,"sold":false,"email":"Viratdemo@gmail.com","team":null},{"id":33,"name":"Demo","age":24,"category":"Seniorteam","biddingPrice":15000.0,"sold":false,"email":"Viratdemo@gmail.com","team":null},{"id":34,"name":"Demo","age":24,"category":"Seniorteam","biddingPrice":15000.0,"sold":false,"email":"Viratdemo@gmail.com","team":null},{"id":35,"name":"Demo","age":24,"category":"Seniorteam","biddingPrice":15000.0,"sold":false,"email":"Viratdemo@gmail.com","team":null},{"id":36,"name":"Demo","age":24,"category":"Seniorteam","biddingPrice":15000.0,"sold":false,"email":"Viratdemo@gmail.com","team":null},{"id":37,"name":"Demo","age":24,"category":"Seniorteam","biddingPrice":15000.0,"sold":false,"email":"Viratdemo@gmail.com","team":null},{"id":38,"name":"Demo","age":24,"category":"Seniorteam","biddingPrice":15000.0,"sold":false,"email":"Viratdemo@gmail.com","team":null},{"id":39,"name":"Demo","age":24,"category":"Seniorteam","biddingPrice":15000.0,"sold":false,"email":"Viratdemo@gmail.com","team":null},{"id":40,"name":"Demo","age":24,"category":"Seniorteam","biddingPrice":15000.0,"sold":false,"email":"Viratdemo@gmail.com","team":null},{"id":41,"name":"Demo","age":24,"category":"Seniorteam","biddingPrice":15000.0,"sold":false,"email":"Viratdemo@gmail.com","team":null},{"id":42,"name":"Demo","age":24,"category":"Seniorteam","biddingPrice":15000.0,"sold":false,"email":"Viratdemo@gmail.com","team":null},{"id":43,"name":"Demo","age":24,"category":"Seniorteam","biddingPrice":15000.0,"sold":false,"email":"Viratdemo@gmail.com","team":null},{"id":44,"name":"Demo","age":24,"category":"Seniorteam","biddingPrice":15000.0,"sold":false,"email":"Viratdemo@gmail.com","team":null},{"id":45,"name":"Demo","age":24,"category":"Seniorteam","biddingPrice":15000.0,"sold":false,"email":"Viratdemo@gmail.com","team":null},{"id":46,"name":"Demo","age":24,"category":"Seniorteam","biddingPrice":15000.0,"sold":false,"email":"Viratdemo@gmail.com","team":null},{"id":47,"name":"Demo","age":24,"category":"Seniorteam","biddingPrice":15000.0,"sold":false,"email":"Viratdemo@gmail.com","team":null},{"id":48,"name":"Demo","age":24,"category":"Seniorteam","biddingPrice":15000.0,"sold":false,"email":"Viratdemo@gmail.com","team":null},{"id":49,"name":"Demo","age":24,"category":"Seniorteam","biddingPrice":15000.0,"sold":false,"email":"Viratdemo@gmail.com","team":null}]
    Forwarded URL = null
   Redirected URL = null
          Cookies = []
]]></system-out>
  </testcase>
  <testcase name="Week1_Day2_serviceinterface" classname="com.examly.springapp.SpringappApplicationTests" time="0.004"/>
  <testcase name="Week2_Day5_Teamadd" classname="com.examly.springapp.SpringappApplicationTests" time="0.064">
    <system-out><![CDATA[Hibernate: select team0_.id as id1_1_0_, team0_.maximum_budget as maximum_2_1_0_, team0_.name as name3_1_0_ from team team0_ where team0_.id=?
Hibernate: insert into team (maximum_budget, name) values (?, ?)
]]></system-out>
  </testcase>
  <testcase name="Week3_Day6_SpringRegisterUser" classname="com.examly.springapp.SpringappApplicationTests" time="0.185">
    <system-out><![CDATA[Hibernate: select user0_.id as id1_2_0_, user0_.password as password2_2_0_, user0_.role as role3_2_0_, user0_.username as username4_2_0_ from user user0_ where user0_.id=?
Hibernate: insert into user (password, role, username) values (?, ?, ?)
]]></system-out>
  </testcase>
  <testcase name="Week3_Day4_getallSoldPlayer" classname="com.examly.springapp.SpringappApplicationTests" time="0.009">
    <system-out><![CDATA[Hibernate: select player0_.id as id1_0_, player0_.age as age2_0_, player0_.bidding_price as bidding_3_0_, player0_.category as category4_0_, player0_.email as email5_0_, player0_.name as name6_0_, player0_.sold as sold7_0_, player0_.team_id as team_id8_0_ from player player0_ where player0_.sold=1

MockHttpServletRequest:
      HTTP Method = GET
      Request URI = /api/organizer/sold-players
       Parameters = {}
          Headers = [Accept:"application/json"]
             Body = null
    Session Attrs = {}

Handler:
             Type = com.examly.springapp.controllers.OrganizerController
           Method = com.examly.springapp.controllers.OrganizerController#getsoldPlayersByCategory()

Async:
    Async started = false
     Async result = null

Resolved Exception:
             Type = null

ModelAndView:
        View name = null
             View = null
            Model = null

FlashMap:
       Attributes = null

MockHttpServletResponse:
           Status = 200
    Error message = null
          Headers = [Vary:"Origin", "Access-Control-Request-Method", "Access-Control-Request-Headers", Content-Type:"application/json", X-Content-Type-Options:"nosniff", X-XSS-Protection:"1; mode=block", Cache-Control:"no-cache, no-store, max-age=0, must-revalidate", Pragma:"no-cache", Expires:"0", X-Frame-Options:"DENY"]
     Content type = application/json
             Body = []
    Forwarded URL = null
   Redirected URL = null
          Cookies = []
]]></system-out>
  </testcase>
  <testcase name="Week2_Day6_getallTeam" classname="com.examly.springapp.SpringappApplicationTests" time="0.021">
    <system-out><![CDATA[Hibernate: select team0_.id as id1_1_, team0_.maximum_budget as maximum_2_1_, team0_.name as name3_1_ from team team0_

MockHttpServletRequest:
      HTTP Method = GET
      Request URI = /api/admin/teams
       Parameters = {}
          Headers = [Accept:"application/json"]
             Body = null
    Session Attrs = {}

Handler:
             Type = com.examly.springapp.controllers.AdminController
           Method = com.examly.springapp.controllers.AdminController#getAllTeams()

Async:
    Async started = false
     Async result = null

Resolved Exception:
             Type = null

ModelAndView:
        View name = null
             View = null
            Model = null

FlashMap:
       Attributes = null

MockHttpServletResponse:
           Status = 200
    Error message = null
          Headers = [Vary:"Origin", "Access-Control-Request-Method", "Access-Control-Request-Headers", Content-Type:"application/json", X-Content-Type-Options:"nosniff", X-XSS-Protection:"1; mode=block", Cache-Control:"no-cache, no-store, max-age=0, must-revalidate", Pragma:"no-cache", Expires:"0", X-Frame-Options:"DENY"]
     Content type = application/json
             Body = [{"id":1,"name":"Demo","maximumBudget":15000.0},{"id":2,"name":"Demo","maximumBudget":15000.0},{"id":3,"name":"Demo","maximumBudget":15000.0},{"id":4,"name":"Demo","maximumBudget":15000.0},{"id":5,"name":"Demo","maximumBudget":15000.0},{"id":6,"name":"Demo","maximumBudget":15000.0},{"id":7,"name":"Demo","maximumBudget":15000.0},{"id":8,"name":"Demo","maximumBudget":15000.0},{"id":9,"name":"Demo","maximumBudget":15000.0},{"id":10,"name":"Demo","maximumBudget":15000.0},{"id":11,"name":"Demo","maximumBudget":15000.0},{"id":12,"name":"Demo","maximumBudget":15000.0},{"id":13,"name":"Demo","maximumBudget":15000.0},{"id":14,"name":"Demo","maximumBudget":15000.0},{"id":15,"name":"Demo","maximumBudget":15000.0},{"id":16,"name":"Demo","maximumBudget":15000.0},{"id":17,"name":"Demo","maximumBudget":15000.0},{"id":18,"name":"Demo","maximumBudget":15000.0},{"id":19,"name":"Demo","maximumBudget":15000.0},{"id":20,"name":"Demo","maximumBudget":15000.0},{"id":21,"name":"Demo","maximumBudget":15000.0},{"id":22,"name":"Demo","maximumBudget":15000.0},{"id":23,"name":"Demo","maximumBudget":15000.0},{"id":24,"name":"Demo","maximumBudget":15000.0},{"id":25,"name":"Demo","maximumBudget":15000.0},{"id":26,"name":"Demo","maximumBudget":15000.0},{"id":27,"name":"Demo","maximumBudget":15000.0},{"id":28,"name":"Demo","maximumBudget":15000.0},{"id":29,"name":"Demo","maximumBudget":15000.0},{"id":30,"name":"Demo","maximumBudget":15000.0},{"id":31,"name":"Demo","maximumBudget":15000.0},{"id":32,"name":"Demo","maximumBudget":15000.0},{"id":33,"name":"Demo","maximumBudget":15000.0},{"id":34,"name":"Demo","maximumBudget":15000.0},{"id":35,"name":"Demo","maximumBudget":15000.0},{"id":36,"name":"Demo","maximumBudget":15000.0},{"id":37,"name":"Demo","maximumBudget":15000.0},{"id":38,"name":"Demo","maximumBudget":15000.0},{"id":39,"name":"Demo","maximumBudget":15000.0},{"id":40,"name":"Demo","maximumBudget":15000.0},{"id":41,"name":"Demo","maximumBudget":15000.0},{"id":42,"name":"Demo","maximumBudget":15000.0},{"id":43,"name":"Demo","maximumBudget":15000.0},{"id":44,"name":"Demo","maximumBudget":15000.0},{"id":45,"name":"Demo","maximumBudget":15000.0},{"id":46,"name":"Demo","maximumBudget":15000.0},{"id":47,"name":"Demo","maximumBudget":15000.0},{"id":48,"name":"Demo","maximumBudget":15000.0},{"id":49,"name":"Demo","maximumBudget":15000.0}]
    Forwarded URL = null
   Redirected URL = null
          Cookies = []
]]></system-out>
  </testcase>
  <testcase name="Week3_Day3_testPlayerExistence" classname="com.examly.springapp.SpringappApplicationTests" time="0.003"/>
  <testcase name="Week2_Day3_repositoriesfolder" classname="com.examly.springapp.SpringappApplicationTests" time="0.003"/>
  <testcase name="Week1_Day4_testSortCricketersFunctionality" classname="com.examly.springapp.SpringappApplicationTests" time="0.002"/>
  <testcase name="Week3_Day3_testFieldExistence" classname="com.examly.springapp.SpringappApplicationTests" time="0.003"/>
  <testcase name="Week2_Day3_servicesfolder" classname="com.examly.springapp.SpringappApplicationTests" time="0.003"/>
  <testcase name="Week3_Day6_Springsecurity" classname="com.examly.springapp.SpringappApplicationTests" time="0.006"/>
  <testcase name="Week2_Day1_testRetrievedataFromBothTables" classname="com.examly.springapp.SpringappApplicationTests" time="0.041"/>
  <testcase name="Week1_Day3_testAddCricketersFunctionality" classname="com.examly.springapp.SpringappApplicationTests" time="0.003"/>
  <testcase name="Week1_Day1_testFieldExistence" classname="com.examly.springapp.SpringappApplicationTests" time="0.002"/>
</testsuite>